[2016.02.24-05.20.33:309][  0]Log file open, 02/24/16 14:20:33
[2016.02.24-05.20.33:310][  0]LogInit:Display: Running engine for game: RiaJu
[2016.02.24-05.20.33:310][  0]LogPlatformFile: Not using cached read wrapper
[2016.02.24-05.20.33:310][  0]LogInit:Display: RandInit(-2072557329) SRandInit(-2072557326).
[2016.02.24-05.20.33:310][  0]LogTaskGraph: Started task graph with 4 named threads and 5 total threads.
[2016.02.24-05.20.33:310][  0]LogStats: Stats thread started at 0.079581
[2016.02.24-05.20.33:310][  0]LogInit: Version: 4.10.4-2872498+++depot+UE4-Releases+4.10
[2016.02.24-05.20.33:310][  0]LogInit: API Version: 2758231
[2016.02.24-05.20.33:310][  0]LogInit: Compiled (64-bit): Feb 18 2016 15:47:04
[2016.02.24-05.20.33:310][  0]LogInit: Compiled with Visual C++: 19.00.23026.00
[2016.02.24-05.20.33:310][  0]LogInit: Build Configuration: Development
[2016.02.24-05.20.33:310][  0]LogInit: Branch Name: ++depot+UE4-Releases+4.10
[2016.02.24-05.20.33:310][  0]LogInit: Command line: 
[2016.02.24-05.20.33:310][  0]LogInit: Base directory: E:/UnrealEngine/Epic Games/4.10/Engine/Binaries/Win64/
[2016.02.24-05.20.33:310][  0]LogInit: Rocket: 1
[2016.02.24-05.20.33:377][  0]LogInit: Using libcurl 7.41.0
[2016.02.24-05.20.33:377][  0]LogInit:  - built for x86_64-pc-win32
[2016.02.24-05.20.33:377][  0]LogInit:  - supports SSL with WinSSL
[2016.02.24-05.20.33:377][  0]LogInit:  - other features:
[2016.02.24-05.20.33:377][  0]LogInit:      CURL_VERSION_SSL
[2016.02.24-05.20.33:377][  0]LogInit:      CURL_VERSION_IPV6
[2016.02.24-05.20.33:377][  0]LogInit:      CURL_VERSION_ASYNCHDNS
[2016.02.24-05.20.33:377][  0]LogInit:      CURL_VERSION_LARGEFILE
[2016.02.24-05.20.33:377][  0]LogInit:      CURL_VERSION_IDN
[2016.02.24-05.20.33:377][  0]LogInit:  CurlRequestOptions (configurable via config and command line):
[2016.02.24-05.20.33:377][  0]LogInit:  - bVerifyPeer = true  - Libcurl will verify peer certificate
[2016.02.24-05.20.33:377][  0]LogInit:  - bUseHttpProxy = false  - Libcurl will NOT use HTTP proxy
[2016.02.24-05.20.33:377][  0]LogInit:  - bDontReuseConnections = false  - Libcurl will reuse connections
[2016.02.24-05.20.33:377][  0]LogInit:  - CertBundlePath = nullptr  - Libcurl will use whatever was configured at build time.
[2016.02.24-05.20.33:402][  0]LogInit: Presizing for 0 objects not considered by GC, pre-allocating 0 bytes.
[2016.02.24-05.20.33:421][  0]LogInit: Object subsystem initialized
[2016.02.24-05.20.33:435][  0]LogInit: Selected Device Profile: [Windows]
[2016.02.24-05.20.33:435][  0]LogInit: Applying CVar settings loaded from the selected device profile: [Windows]
[2016.02.24-05.20.33:455][  0]LogInit: Computer: KOIZUMI-PC
[2016.02.24-05.20.33:455][  0]LogInit: User: koizumi
[2016.02.24-05.20.33:455][  0]LogInit: CPU Page size=4096, Cores=2
[2016.02.24-05.20.33:455][  0]LogInit: High frequency timer resolution =3.411595 MHz
[2016.02.24-05.20.33:455][  0]LogMemory: Memory total: Physical=7.2GB (8GB approx)
[2016.02.24-05.20.33:455][  0]LogMemory: Platform Memory Stats for Windows
[2016.02.24-05.20.33:455][  0]LogMemory: Process Physical Memory: 55.82 MB used, 55.82 MB peak
[2016.02.24-05.20.33:455][  0]LogMemory: Process Virtual Memory: 55.59 MB used, 55.59 MB peak
[2016.02.24-05.20.33:455][  0]LogMemory: Physical Memory: 4583.92 MB used, 7365.33 MB total
[2016.02.24-05.20.33:455][  0]LogMemory: Virtual Memory: 365.53 MB used, 134217728.00 MB total
[2016.02.24-05.20.33:523][  0]LogTextLocalizationManager: No specific translations for ('ja-JP') exist, so ('ja') translations will be used.
[2016.02.24-05.20.33:648][  0]LogTextLocalizationManager:Warning: Loaded localization resources contain conflicting entries for (Namespace:K2Node, Key:false):
Localization Resource: (E:/UnrealEngine/Epic Games/4.10/Engine/Content/Localization/EditorTutorials/ja/EditorTutorials.locres) Source String Hash: (816077464) Localized String: (偽)
Localization Resource: (E:/UnrealEngine/Epic Games/4.10/Engine/Content/Localization/Engine/ja/Engine.locres) Source String Hash: (816077464) Localized String: (false)
[2016.02.24-05.20.33:648][  0]LogTextLocalizationManager:Warning: Loaded localization resources contain conflicting entries for (Namespace:K2Node, Key:true):
Localization Resource: (E:/UnrealEngine/Epic Games/4.10/Engine/Content/Localization/EditorTutorials/ja/EditorTutorials.locres) Source String Hash: (-942328987) Localized String: (真)
Localization Resource: (E:/UnrealEngine/Epic Games/4.10/Engine/Content/Localization/Engine/ja/Engine.locres) Source String Hash: (-942328987) Localized String: (true)
[2016.02.24-05.20.33:649][  0]LogTextLocalizationManager:Warning: Loaded localization resources contain conflicting entries for (Namespace:UObjectToolTips, Key:AnimNode_BlendSpacePlayer:bLoop):
Localization Resource: (E:/UnrealEngine/Epic Games/4.10/Engine/Content/Localization/EditorTutorials/ja/EditorTutorials.locres) Source String Hash: (2133979316) Localized String: (再生が最後まで終わった後、ロープ再生するようにしますか？)
Localization Resource: (E:/UnrealEngine/Epic Games/4.10/Engine/Content/Localization/ToolTips/ja/ToolTips.locres) Source String Hash: (2133979316) Localized String: (ループが最後まで到達した時に、アニメーションのループを継続するべきか？)
[2016.02.24-05.20.33:649][  0]LogTextLocalizationManager:Warning: Loaded localization resources contain conflicting entries for (Namespace:UObjectToolTips, Key:AnimNode_BlendSpacePlayer:X):
Localization Resource: (E:/UnrealEngine/Epic Games/4.10/Engine/Content/Localization/EditorTutorials/ja/EditorTutorials.locres) Source String Hash: (2060772590) Localized String: (ブレンドスペースで値を取得するX座標)
Localization Resource: (E:/UnrealEngine/Epic Games/4.10/Engine/Content/Localization/ToolTips/ja/ToolTips.locres) Source String Hash: (2060772590) Localized String: (ブレンドスペースでサンプリングするX座標)
[2016.02.24-05.20.33:649][  0]LogTextLocalizationManager:Warning: Loaded localization resources contain conflicting entries for (Namespace:UObjectToolTips, Key:AnimNode_BlendSpacePlayer:Y):
Localization Resource: (E:/UnrealEngine/Epic Games/4.10/Engine/Content/Localization/EditorTutorials/ja/EditorTutorials.locres) Source String Hash: (-1719607538) Localized String: (ブレンドスペースで値を取得するY座標)
Localization Resource: (E:/UnrealEngine/Epic Games/4.10/Engine/Content/Localization/ToolTips/ja/ToolTips.locres) Source String Hash: (-1719607538) Localized String: (ブレンドスペースでサンプリングするY座標)
[2016.02.24-05.20.33:649][  0]LogTextLocalizationManager:Warning: Loaded localization resources contain conflicting entries for (Namespace:UObjectToolTips, Key:AnimNode_BlendSpacePlayer:Z):
Localization Resource: (E:/UnrealEngine/Epic Games/4.10/Engine/Content/Localization/EditorTutorials/ja/EditorTutorials.locres) Source String Hash: (1728943471) Localized String: (ブレンドスペースで値を取得するZ座標)
Localization Resource: (E:/UnrealEngine/Epic Games/4.10/Engine/Content/Localization/ToolTips/ja/ToolTips.locres) Source String Hash: (1728943471) Localized String: (ブレンドスペースでサンプリングするZ座標)
[2016.02.24-05.20.33:649][  0]LogTextLocalizationManager:Warning: Loaded localization resources contain conflicting entries for (Namespace:UObjectToolTips, Key:AnimNode_BlendSpacePlayer:BlendSpace):
Localization Resource: (E:/UnrealEngine/Epic Games/4.10/Engine/Content/Localization/EditorTutorials/ja/EditorTutorials.locres) Source String Hash: (1599043277) Localized String: (再生するブレンドスペースのアセット)
Localization Resource: (E:/UnrealEngine/Epic Games/4.10/Engine/Content/Localization/ToolTips/ja/ToolTips.locres) Source String Hash: (1599043277) Localized String: (再生するブレンド空間アセット)
[2016.02.24-05.20.33:649][  0]LogTextLocalizationManager:Warning: Loaded localization resources contain conflicting entries for (Namespace:UObjectToolTips, Key:AnimNode_StateMachine:MaxTransitionsPerFrame):
Localization Resource: (E:/UnrealEngine/Epic Games/4.10/Engine/Content/Localization/EditorTutorials/ja/EditorTutorials.locres) Source String Hash: (1567650430) Localized String: (このマシーンで1フレームあたりに同時に処理できるトランジションの最大数)
Localization Resource: (E:/UnrealEngine/Epic Games/4.10/Engine/Content/Localization/ToolTips/ja/ToolTips.locres) Source String Hash: (1567650430) Localized String: (単一フレームでマシーンが「同時」に受け取れる遷移の最大数)
[2016.02.24-05.20.33:649][  0]LogTextLocalizationManager:Warning: Loaded localization resources contain conflicting entries for (Namespace:UObjectToolTips, Key:AnimNode_BlendSpacePlayer:PlayRate):
Localization Resource: (E:/UnrealEngine/Epic Games/4.10/Engine/Content/Localization/EditorTutorials/ja/EditorTutorials.locres) Source String Hash: (-1274923958) Localized String: (再生速度の倍率です。負の数値も使う事ができます。その場合逆再生になります。)
Localization Resource: (E:/UnrealEngine/Epic Games/4.10/Engine/Content/Localization/ToolTips/ja/ToolTips.locres) Source String Hash: (-1274923958) Localized String: (再生レート乗数。アニメーションを逆再生する負の値にすることができます。)
[2016.02.24-05.20.34:017][  0]LogD3D11RHI: Found D3D11 adapter 0: AMD Radeon HD 8570D (Feature Level 11_0)
[2016.02.24-05.20.34:017][  0]LogD3D11RHI: Adapter has 735MB of dedicated video memory, 0MB of dedicated system memory, and 3456MB of shared system memory, 2 output[s]
[2016.02.24-05.20.34:020][  0]LogD3D11RHI: Found D3D11 adapter 1: Microsoft Basic Render Driver (Feature Level 11_0)
[2016.02.24-05.20.34:020][  0]LogD3D11RHI: Adapter has 0MB of dedicated video memory, 0MB of dedicated system memory, and 256MB of shared system memory, 0 output[s]
[2016.02.24-05.20.34:020][  0]LogD3D11RHI: Chosen D3D11 Adapter Id = 0
[2016.02.24-05.20.34:028][  0]LogD3D11RHI: !Direct3DDevice
[2016.02.24-05.20.34:028][  0]LogRHI: Texture pool is 514 MB (70% of 735 MB)
[2016.02.24-05.20.34:039][  0]LogD3D11RHI: Async texture creation disabled: no driver support
[2016.02.24-05.20.34:053][  0]LogShaderCompilers: Guid format shader working directory is -57 characters bigger than the processId version (../../../../../../MyProject/SSProject/GitHub/SpriteStudio/SpriteStudioGame02/SpriteStudioGame02/Project/Riaju1/Intermediate/Shaders/WorkingDirectory/2588/).
[2016.02.24-05.20.34:053][  0]LogShaderCompilers: Cleaned the shader compiler working directory 'C:/Users/KOIZUM~1.WEB/AppData/Local/Temp/UnrealShaderWorkingDir/E988254A42F2617871450299C9C8E4DB/'.
[2016.02.24-05.20.34:053][  0]LogShaderCompilers:Display: Using Local Shader Compiler.
[2016.02.24-05.20.35:773][  0]LogTemp:Display: Loaded TP AllDesktopTargetPlatform
[2016.02.24-05.20.35:779][  0]LogTemp:Display: Loaded TP WindowsClientTargetPlatform
[2016.02.24-05.20.35:787][  0]LogTemp:Display: Loaded TP WindowsNoEditorTargetPlatform
[2016.02.24-05.20.35:796][  0]LogTemp:Display: Loaded TP WindowsServerTargetPlatform
[2016.02.24-05.20.35:806][  0]LogTemp:Display: Loaded TP WindowsTargetPlatform
[2016.02.24-05.20.35:813][  0]LogTemp:Display: Loaded TP AndroidTargetPlatform
[2016.02.24-05.20.35:817][  0]LogTemp:Display: Loaded TP Android_ASTCTargetPlatform
[2016.02.24-05.20.35:823][  0]LogTemp:Display: Loaded TP Android_ATCTargetPlatform
[2016.02.24-05.20.35:828][  0]LogTemp:Display: Loaded TP Android_DXTTargetPlatform
[2016.02.24-05.20.35:834][  0]LogTemp:Display: Loaded TP Android_ETC1TargetPlatform
[2016.02.24-05.20.35:839][  0]LogTemp:Display: Loaded TP Android_ETC2TargetPlatform
[2016.02.24-05.20.35:849][  0]LogTemp:Display: Loaded TP Android_MultiTargetPlatform
[2016.02.24-05.20.35:849][  0]LogTemp:Display: Loaded TP Android_PVRTCTargetPlatform
[2016.02.24-05.20.35:851][  0]LogTemp:Display: Loaded TP HTML5TargetPlatform
[2016.02.24-05.20.35:874][  0]LogTemp:Display: Loaded TP IOSTargetPlatform
[2016.02.24-05.20.35:878][  0]LogTemp:Display: Loaded TP LinuxNoEditorTargetPlatform
[2016.02.24-05.20.35:883][  0]LogTemp:Display: Loaded TP LinuxServerTargetPlatform
[2016.02.24-05.20.35:891][  0]LogTemp:Display: Loaded TP LinuxTargetPlatform
[2016.02.24-05.20.35:891][  0]LogTargetPlatformManager:Display: Building Assets For Windows
[2016.02.24-05.20.36:015][  0]LogDerivedDataCache:Display: Max Cache Size: 512 MB
[2016.02.24-05.20.36:113][  0]LogDerivedDataCache: Loaded boot cache 0.10s 49MB C:/Users/koizumi.WEBTECH/AppData/Local/UnrealEngine/4.10/DerivedDataCache/Boot.ddc.
[2016.02.24-05.20.36:113][  0]LogDerivedDataCache:Display: Loaded Boot cache: C:/Users/koizumi.WEBTECH/AppData/Local/UnrealEngine/4.10/DerivedDataCache/Boot.ddc
[2016.02.24-05.20.36:114][  0]LogDerivedDataCache: FDerivedDataBackendGraph:  Pak pak cache file ../../../../../../MyProject/SSProject/GitHub/SpriteStudio/SpriteStudioGame02/SpriteStudioGame02/Project/Riaju1/DerivedDataCache/DDC.ddp not found, will not use a pak cache.
[2016.02.24-05.20.36:114][  0]LogDerivedDataCache: Unable to find inner node Pak for hierarchical cache Hierarchy.
[2016.02.24-05.20.36:114][  0]LogDerivedDataCache: FDerivedDataBackendGraph:  CompressedPak pak cache file ../../../../../../MyProject/SSProject/GitHub/SpriteStudio/SpriteStudioGame02/SpriteStudioGame02/Project/Riaju1/DerivedDataCache/Compressed.ddp not found, will not use a pak cache.
[2016.02.24-05.20.36:114][  0]LogDerivedDataCache: Unable to find inner node CompressedPak for hierarchical cache Hierarchy.
[2016.02.24-05.20.36:193][  0]LogDerivedDataCache:Display: Pak cache opened for reading ../../../Engine/DerivedDataCache/Compressed.ddp.
[2016.02.24-05.20.36:207][  0]LogDerivedDataCache: Using Local data cache path C:/Users/koizumi.WEBTECH/AppData/Local/UnrealEngine/Common/DerivedDataCache: Writable
[2016.02.24-05.20.37:005][  0]LogCollisionProfile:Warning: ProfileRedirect (Human : StairsRoom) - New Name ('StairsRoom') isn't found 
[2016.02.24-05.20.37:075][  0]LogInit: Selected Device Profile: [Windows]
[2016.02.24-05.20.37:081][  0]LogContentStreaming: Texture pool size is 0.000000MB
[2016.02.24-05.20.37:133][  0]LogMaterial: Missing cached shader map for material WorldGridMaterial, compiling. Is special engine material.
[2016.02.24-05.28.06:549][  0]LogMeshUtilities: No automatic mesh reduction module available
[2016.02.24-05.28.06:549][  0]LogMeshUtilities: No automatic mesh merging module available
[2016.02.24-05.28.07:013][  0]LogMaterial: Missing cached shader map for material SsMaterial_MeshDefault, compiling. 
[2016.02.24-05.28.07:047][  0]LogMaterial: Missing cached shader map for material SsPart_Mul, compiling. 
[2016.02.24-05.28.07:112][  0]LogMaterial: Missing cached shader map for material SsPart_Sub, compiling. 
[2016.02.24-05.28.07:208][  0]LogMaterial: Missing cached shader map for material SsPart_Effect, compiling. 
[2016.02.24-05.28.07:235][  0]LogMaterial: Missing cached shader map for material SsMaterial_UMGDefault, compiling. 
[2016.02.24-05.28.07:262][  0]LogInit: WinSock: version 1.1 (2.2), MaxSocks=32767, MaxUdp=65467
[2016.02.24-05.28.10:026][  0]UdpMessaging: Initializing bridge on interface 0.0.0.0:0 to multicast group 230.0.0.1:6666.
[2016.02.24-05.28.10:185][  0]LogAssetRegistry: FAssetRegistry took 0.0113 seconds to start up
[2016.02.24-05.28.10:515][  0]SourceControl: 情報 ソースコントロールは無効です
[2016.02.24-05.28.10:536][  0]SourceControl: 情報 ソースコントロールは無効です
[2016.02.24-05.28.10:559][  0]SourceControl: 情報 ソースコントロールは無効です
[2016.02.24-05.28.10:582][  0]SourceControl: 情報 ソースコントロールは無効です
[2016.02.24-05.28.11:316][  0]LogObj: 29248 objects as part of root set at end of initial load.
[2016.02.24-05.28.11:316][  0]LogUObjectAllocator: 6237288 out of 0 bytes used by permanent object pool.
[2016.02.24-05.28.11:440][  0]LogEngine: Initializing Engine...
[2016.02.24-05.28.11:446][  0]LogHMD: Can't find Oculus library dev build: is proper Runtime installed? Version: 0.8.0.0
[2016.02.24-05.28.11:485][  0]LogHMD: SteamVR failed to initialize.  Err: 108
[2016.02.24-05.28.11:493][  0]LogMaterial: Missing cached shader map for material WireframeMaterial, compiling. Is special engine material.
[2016.02.24-05.28.11:937][  0]LogAIModule: Creating AISystem for world NewWorld
[2016.02.24-05.28.11:943][  0]LogInit: No audio devices found!
[2016.02.24-05.28.12:004][  0]LogDerivedDataCache: Saved boot cache 0.06s 45MB C:/Users/koizumi.WEBTECH/AppData/Local/UnrealEngine/4.10/DerivedDataCache/Boot.ddc.
[2016.02.24-05.28.12:018][  0]LogInit: Texture streaming: Enabled
[2016.02.24-05.28.12:029][  0]LogAnalytics: Creating configured Analytics provider AnalyticsET
[2016.02.24-05.28.12:029][  0]LogAnalytics: [UEEditor.Rocket.Release] APIServer = http://et2.epicgames.com/ET2/. AppVersion = 4.10.4-2872498+++depot+UE4-Releases+4.10
[2016.02.24-05.28.12:029][  0]LogAnalytics: [UEEditor.Rocket.Release] SetUserId 9b3d061a4c1796f52397a4b64ed6a72c|f897acdb1002454ea312be82feed0cf8|53b8b329-2cce-48ea-af06-7878fce598d2
[2016.02.24-05.28.12:029][  0]LogAnalytics: [UEEditor.Rocket.Release] AnalyticsET::StartSession
[2016.02.24-05.28.12:049][  0]LogInit: Transaction tracking system initialized
[2016.02.24-05.28.12:108][  0]BlueprintLog: New page: エディタの読み込み
[2016.02.24-05.28.12:291][  0]LocalizationService: 情報 ローカライズのサービスが無効になりました
[2016.02.24-05.28.12:592][  0]LogConsoleResponse:Display: 
[2016.02.24-05.28.12:928][  0]LogCook:Display: Done creating registry. It took  0.00s.
[2016.02.24-05.28.12:951][  0]LogFileCache: Scanning file cache for directory 'E:/MyProject/SSProject/GitHub/SpriteStudio/SpriteStudioGame02/SpriteStudioGame02/Project/Riaju1/Content/' took 0.02s
[2016.02.24-05.28.13:065][  0]SourceControl: 情報 ソースコントロールは無効です
[2016.02.24-05.28.13:066][  0]Cmd: MAP LOAD FILE="../../../../../../MyProject/SSProject/GitHub/SpriteStudio/SpriteStudioGame02/SpriteStudioGame02/Project/Riaju1/Content/Levels/GameMain.umap" TEMPLATE=0 SHOWPROGRESS=1 FEATURELEVEL=3
[2016.02.24-05.28.13:186][  0]LightingResults: New page: ライティングのビルド
[2016.02.24-05.28.13:193][  0]MapCheck: New page: マップをチェック
[2016.02.24-05.28.13:193][  0]LightingResults: New page: <何も選択されていません>
[2016.02.24-05.28.13:222][  0]LogParticles: Destroying 0 GPU particle simulations for FXSystem 0x000000CF9E3AC400
[2016.02.24-05.28.38:779][  0]LogTexture:Display: テクスチャをビルド中: Bullet (BGRA8)
[2016.02.24-05.28.38:785][  0]LogTexture:Display: テクスチャをビルド中: Fade (BGRA8)
[2016.02.24-05.28.38:786][  0]LogTexture:Display: テクスチャをビルド中: 2dotTexture (BGRA8)
[2016.02.24-05.28.38:791][  0]LogTexture:Display: テクスチャをビルド中: newsplash512 (BGRA8)
[2016.02.24-05.28.38:869][  0]LogTexture:Display: テクスチャをビルド中: UI3 (BGRA8)
[2016.02.24-05.28.38:896][  0]LogTexture:Display: テクスチャをビルド中: scope (AutoDXT)
[2016.02.24-05.28.39:080][  0]LogTexture:Display: テクスチャをビルド中: Man (BGRA8)
[2016.02.24-05.28.39:119][  0]LogTexture:Display: テクスチャをビルド中: leftUIBackGround (AutoDXT)
[2016.02.24-05.28.39:370][  0]LogTexture:Display: テクスチャをビルド中: hert (BGRA8)
[2016.02.24-05.28.39:398][  0]LogTexture:Display: テクスチャをビルド中: Woman (BGRA8)
[2016.02.24-05.28.39:410][  0]LogTexture:Display: テクスチャをビルド中: UIFrame1 (BGRA8)
[2016.02.24-05.28.39:417][  0]LogTexture:Display: テクスチャをビルド中: UIFrame (AutoDXT)
[2016.02.24-05.28.39:429][  0]LogTexture:Display: テクスチャをビルド中: wall (AutoDXT)
[2016.02.24-05.28.40:168][  0]LogTexture:Display: テクスチャをビルド中: wall2 (AutoDXT)
[2016.02.24-05.28.40:301][  0]LogTexture:Display: テクスチャをビルド中: wall3 (AutoDXT)
[2016.02.24-05.28.44:455][  0]LogTexture:Display: テクスチャをビルド中: trap_ (BGRA8)
[2016.02.24-05.28.44:902][  0]LogTexture:Display: テクスチャをビルド中: trap (BGRA8)
[2016.02.24-05.28.46:345][  0]LogAudioDerivedData:Display: 圧縮オーディオ フォーマット OGG ウェーブ PaperSE をビルド中...
[2016.02.24-05.28.46:533][  0]LogAudioDerivedData:Display: 圧縮オーディオ フォーマット OGG ウェーブ sprincler をビルド中...
[2016.02.24-05.28.46:628][  0]LogAudioDerivedData:Display: 圧縮オーディオ フォーマット OGG ウェーブ spider をビルド中...
[2016.02.24-05.28.46:660][  0]LogAudioDerivedData:Display: 圧縮オーディオ フォーマット OGG ウェーブ shoukaki をビルド中...
[2016.02.24-05.28.46:720][  0]LogAudioDerivedData:Display: 圧縮オーディオ フォーマット OGG ウェーブ ninja をビルド中...
[2016.02.24-05.28.46:769][  0]LogAudioDerivedData:Display: 圧縮オーディオ フォーマット OGG ウェーブ keikoutou をビルド中...
[2016.02.24-05.28.46:843][  0]LogAudioDerivedData:Display: 圧縮オーディオ フォーマット OGG ウェーブ kankisen をビルド中...
[2016.02.24-05.28.48:151][  0]LogTexture:Display: テクスチャをビルド中: scope1 (AutoDXT)
[2016.02.24-05.28.48:204][  0]LogTexture:Display: テクスチャをビルド中: room1_1 (BGRA8)
[2016.02.24-05.28.48:524][  0]LogAudioDerivedData:Display: 圧縮オーディオ フォーマット OGG ウェーブ footstep_man をビルド中...
[2016.02.24-05.28.48:925][  0]LogTexture:Display: テクスチャをビルド中: bg_city (BGRA8)
[2016.02.24-05.28.52:272][  0]LogTexture:Display: テクスチャをビルド中: ALL (BGRA8)
[2016.02.24-05.28.55:505][  0]LogTexture:Display: テクスチャをビルド中: effects (BGRA8)
[2016.02.24-05.28.55:788][  0]LogTexture:Display: テクスチャをビルド中: Scope (BGRA8)
[2016.02.24-05.28.55:846][  0]LogAudioDerivedData:Display: 圧縮オーディオ フォーマット OGG ウェーブ footstep_woman をビルド中...
[2016.02.24-05.28.56:224][  0]LogAudioDerivedData:Display: 圧縮オーディオ フォーマット OGG ウェーブ scream1 をビルド中...
[2016.02.24-05.28.56:359][  0]LogAudioDerivedData:Display: 圧縮オーディオ フォーマット OGG ウェーブ scream-woman1 をビルド中...
[2016.02.24-05.28.56:693][  0]LogTexture:Display: テクスチャをビルド中: room6_1 (BGRA8)
[2016.02.24-05.28.57:892][  0]LogAudioDerivedData:Display: 圧縮オーディオ フォーマット OGG ウェーブ hato をビルド中...
[2016.02.24-05.28.57:958][  0]LogAudioDerivedData:Display: 圧縮オーディオ フォーマット OGG ウェーブ kabin をビルド中...
[2016.02.24-05.28.58:017][  0]LogAudioDerivedData:Display: 圧縮オーディオ フォーマット OGG ウェーブ gomibako をビルド中...
[2016.02.24-05.28.58:052][  0]LogAudioDerivedData:Display: 圧縮オーディオ フォーマット OGG ウェーブ gakon をビルド中...
[2016.02.24-05.28.58:066][  0]LogAudioDerivedData:Display: 圧縮オーディオ フォーマット OGG ウェーブ bomb をビルド中...
[2016.02.24-05.28.58:164][  0]LogAudioDerivedData:Display: 圧縮オーディオ フォーマット OGG ウェーブ alarmclock をビルド中...
[2016.02.24-05.28.58:193][  0]LogAudioDerivedData:Display: 圧縮オーディオ フォーマット OGG ウェーブ alarm をビルド中...
[2016.02.24-05.28.58:402][  0]LogTexture:Display: テクスチャをビルド中: UI2Description (BGRA8)
[2016.02.24-05.28.58:600][  0]LogTexture:Display: テクスチャをビルド中: UI1Description (BGRA8)
[2016.02.24-05.28.58:785][  0]LogTexture:Display: テクスチャをビルド中: Operation (BGRA8)
[2016.02.24-05.28.58:849][  0]LogTexture:Display: テクスチャをビルド中: HowGame (BGRA8)
[2016.02.24-05.28.58:906][  0]LogTexture:Display: テクスチャをビルド中: Gimmick (BGRA8)
[2016.02.24-05.28.58:943][  0]LogTexture:Display: テクスチャをビルド中: Button_Normal (BGRA8)
[2016.02.24-05.28.58:965][  0]LogTexture:Display: テクスチャをビルド中: ArrowMark_Pressed (BGRA8)
[2016.02.24-05.28.58:978][  0]LogTexture:Display: テクスチャをビルド中: ArrowMark_Normal (BGRA8)
[2016.02.24-05.29.02:054][  0]LogTexture:Display: テクスチャをビルド中: room2_1 (BGRA8)
[2016.02.24-05.29.02:938][  0]LogTexture:Display: テクスチャをビルド中: room4_1 (BGRA8)
[2016.02.24-05.29.04:509][  0]LogTexture:Display: テクスチャをビルド中: room3_1 (BGRA8)
[2016.02.24-05.29.05:939][  0]LogTexture:Display: テクスチャをビルド中: missionfailed (BGRA8)
[2016.02.24-05.29.06:640][  0]LogTexture:Display: テクスチャをビルド中: erth (BGRA8)
[2016.02.24-05.29.06:828][  0]LogTexture:Display: テクスチャをビルド中: room8_1 (BGRA8)
[2016.02.24-05.29.07:487][  0]LogTexture:Display: テクスチャをビルド中: ViewWorld (BGRA8)
[2016.02.24-05.29.07:566][  0]LogTexture:Display: テクスチャをビルド中: UI3Description (BGRA8)
[2016.02.24-05.29.07:809][  0]LogTexture:Display: テクスチャをビルド中: erth (BGRA8)
[2016.02.24-05.29.07:920][  0]LogTexture:Display: テクスチャをビルド中: clear (BGRA8)
[2016.02.24-05.29.08:560][  0]LogTexture:Display: テクスチャをビルド中: gameover Kill (BGRA8)
[2016.02.24-05.29.08:880][  0]LogTexture:Display: テクスチャをビルド中: missionstart (BGRA8)
[2016.02.24-05.29.08:969][  0]LogAudioDerivedData:Display: 圧縮オーディオ フォーマット OGG ウェーブ gameover をビルド中...
[2016.02.24-05.29.09:292][  0]LogAudioDerivedData:Display: 圧縮オーディオ フォーマット OGG ウェーブ gameclear をビルド中...
[2016.02.24-05.29.09:589][  0]LogAudioDerivedData:Display: 圧縮オーディオ フォーマット OGG ウェーブ ShotSE をビルド中...
[2016.02.24-05.29.09:622][  0]LogAudioDerivedData:Display: 圧縮オーディオ フォーマット OGG ウェーブ ScopeSE をビルド中...
[2016.02.24-05.29.09:732][  0]LogAudioDerivedData:Display: 圧縮オーディオ フォーマット OGG ウェーブ GameMain02 をビルド中...
[2016.02.24-05.29.15:074][  0]LogAudioDerivedData:Display: 圧縮オーディオ フォーマット OGG ウェーブ car をビルド中...
[2016.02.24-05.29.17:421][  0]LogAudioDerivedData:Display: 圧縮オーディオ フォーマット OGG ウェーブ shoppingmall_2 をビルド中...
[2016.02.24-05.29.18:907][  0]LogAudioDerivedData:Display: 圧縮オーディオ フォーマット OGG ウェーブ GameMain をビルド中...
[2016.02.24-05.29.22:939][  0]LogAIModule: Creating AISystem for world GameMain
[2016.02.24-05.29.23:131][  0]LogEditorServer: Finished looking for orphan Actors (0.000 secs)
[2016.02.24-05.29.23:131][  0]Cmd: MAP CHECKDEP NOCLEARLOG
[2016.02.24-05.29.23:386][  0]MapCheck: 情報 マップチェックが完了: 0 エラー、 0 警告、完了に 254.546ミリ秒かかりました。
[2016.02.24-05.29.23:386][  0]LogFileHelpers: Loading map 'GameMain' took 70.323
[2016.02.24-05.29.23:734][  0]LogCollectionManager: Loaded 0 collections in 0.003305 seconds
[2016.02.24-05.29.23:795][  0]LogFileCache: Scanning file cache for directory 'E:/MyProject/SSProject/GitHub/SpriteStudio/SpriteStudioGame02/SpriteStudioGame02/Project/Riaju1/Saved/Collections/' took 0.01s
[2016.02.24-05.29.23:795][  0]LogFileCache: Scanning file cache for directory 'E:/MyProject/SSProject/GitHub/SpriteStudio/SpriteStudioGame02/SpriteStudioGame02/Project/Riaju1/Content/Developers/koizumi/Collections/' took 0.01s
[2016.02.24-05.29.23:795][  0]LogFileCache: Scanning file cache for directory 'E:/MyProject/SSProject/GitHub/SpriteStudio/SpriteStudioGame02/SpriteStudioGame02/Project/Riaju1/Content/Collections/' took 0.01s
[2016.02.24-05.29.23:795][  0]LogCollectionManager: Rebuilt the GUID cache for 0 collections in 0.000002 seconds
[2016.02.24-05.29.23:808][  0]LogContentBrowser: Native class hierarchy populated in 0.0124 seconds. Added 1903 classes and 350 folders.
[2016.02.24-05.29.23:818][  0]LogContentBrowser: Native class hierarchy updated for 'WidgetCarousel' in 0.0004 seconds. Added 0 classes and 0 folders.
[2016.02.24-05.29.26:166][  0]LogContentBrowser: Native class hierarchy updated for 'AddContentDialog' in 0.0006 seconds. Added 0 classes and 0 folders.
[2016.02.24-05.29.26:282][  0]LogContentBrowser: Native class hierarchy updated for 'SceneOutliner' in 0.0007 seconds. Added 1 classes and 2 folders.
[2016.02.24-05.29.26:305][  0]LogCrashTracker: Crashtracker disabled due to settings.
[2016.02.24-05.29.26:316][  0]LogUObjectGlobals:Warning: オブジェクト 'Class なし.' が見つかりませんでした
[2016.02.24-05.29.26:341][  0]LogLoad: Full Startup: 533.99 seconds (BP compile: 3.11 seconds)
[2016.02.24-05.29.26:689][  0]LogOcInput: Can't find Oculus library dev build: is proper Runtime installed? Version: 0.8.0.0
[2016.02.24-05.29.27:279][  0]LogContentStreaming: Texture pool size now 400 MB
[2016.02.24-05.29.27:543][  0]LogRenderer: Reallocating scene render targets to support 1208x636 (Frame:2).
[2016.02.24-05.29.27:884][  1]LogFileCache: Retrieving MD5 hashes for directory 'E:/MyProject/SSProject/GitHub/SpriteStudio/SpriteStudioGame02/SpriteStudioGame02/Project/Riaju1/Content/' took 1.19s
[2016.02.24-05.29.44:475][ 30]LogAssetRegistry: Asset discovery search completed in 94.3055 seconds
[2016.02.24-05.29.44:475][ 30]LogCollectionManager: Rebuilt the object cache for 0 collections in 0.000001 seconds (found 0 objects)
[2016.02.24-05.29.44:475][ 30]LogCollectionManager: Fixed up redirectors for 0 collections in 0.000025 seconds (updated 0 objects)
[2016.02.24-05.30.01:874][ 90]LogWindowsTextInputMethodSystem:Display: IME system now activated using TSF (Microsoft IME).
[2016.02.24-05.30.02:152][ 91]Cmd: QUIT_EDITOR
[2016.02.24-05.30.02:346][ 91]LogExit: Preparing to exit.
[2016.02.24-05.30.03:245][ 91]LogExit: Editor shut down
[2016.02.24-05.30.03:245][ 91]LogExit: Transaction tracking system shut down
[2016.02.24-05.30.03:260][ 91]LogParticles: Destroying 0 GPU particle simulations for FXSystem 0x000000CFAC1C8360
[2016.02.24-05.30.03:261][ 91]LogParticles: Destroying 0 GPU particle simulations for FXSystem 0x000000CF8B84B100
[2016.02.24-05.30.03:595][ 91]LogExit: Object subsystem successfully closed.
[2016.02.24-05.30.03:613][ 91]LogD3D11RHI: Shutdown
[2016.02.24-05.30.03:613][ 91]LogD3D11RHI: CleanupD3DDevice
[2016.02.24-05.30.03:681][ 91]LogD3D11RHI: ~FD3D11DynamicRHI
[2016.02.24-05.30.03:715][ 91]LogModuleManager: Shutting down and abandoning module CrashTracker (200)
[2016.02.24-05.30.03:715][ 91]LogModuleManager: Shutting down and abandoning module SceneOutliner (199)
[2016.02.24-05.30.03:715][ 91]LogModuleManager: Shutting down and abandoning module SuperSearch (198)
[2016.02.24-05.30.03:715][ 91]LogModuleManager: Shutting down and abandoning module WidgetCarousel (197)
[2016.02.24-05.30.03:715][ 91]LogModuleManager: Shutting down and abandoning module AddContentDialog (196)
[2016.02.24-05.30.03:718][ 91]LogModuleManager: Shutting down and abandoning module EditorWidgets (195)
[2016.02.24-05.30.03:718][ 91]LogModuleManager: Shutting down and abandoning module CollectionManager (194)
[2016.02.24-05.30.03:719][ 91]LogModuleManager: Shutting down and abandoning module StatsViewer (193)
[2016.02.24-05.30.03:719][ 91]LogModuleManager: Shutting down and abandoning module FoliageEdit (192)
[2016.02.24-05.30.03:719][ 91]LogModuleManager: Shutting down and abandoning module LandscapeEditor (191)
[2016.02.24-05.30.03:720][ 91]LogModuleManager: Shutting down and abandoning module ActorPickerMode (190)
[2016.02.24-05.30.03:720][ 91]LogModuleManager: Shutting down and abandoning module GeometryMode (189)
[2016.02.24-05.30.03:720][ 91]LogModuleManager: Shutting down and abandoning module TextureAlignMode (188)
[2016.02.24-05.30.03:720][ 91]LogModuleManager: Shutting down and abandoning module BspMode (187)
[2016.02.24-05.30.03:720][ 91]LogModuleManager: Shutting down and abandoning module PlacementMode (186)
[2016.02.24-05.30.03:720][ 91]LogModuleManager: Shutting down and abandoning module AutomationWorker (185)
[2016.02.24-05.30.03:720][ 91]LogModuleManager: Shutting down and abandoning module CharacterAI (184)
[2016.02.24-05.30.03:720][ 91]LogModuleManager: Shutting down and abandoning module SmartSnapping (183)
[2016.02.24-05.30.03:720][ 91]LogModuleManager: Shutting down and abandoning module ViewportSnapping (182)
[2016.02.24-05.30.03:720][ 91]LogModuleManager: Shutting down and abandoning module LogVisualizer (181)
[2016.02.24-05.30.03:721][ 91]LogModuleManager: Shutting down and abandoning module GameProjectGeneration (180)
[2016.02.24-05.30.03:721][ 91]LogModuleManager: Shutting down and abandoning module IntroTutorials (179)
[2016.02.24-05.30.03:721][ 91]LogModuleManager: Shutting down and abandoning module EditorLiveStreaming (178)
[2016.02.24-05.30.03:721][ 91]LogModuleManager: Shutting down and abandoning module IOSPlatformEditor (177)
[2016.02.24-05.30.03:721][ 91]LogModuleManager: Shutting down and abandoning module HTML5PlatformEditor (176)
[2016.02.24-05.30.03:721][ 91]LogModuleManager: Shutting down and abandoning module AndroidDeviceDetection (175)
[2016.02.24-05.30.04:416][ 91]LogModuleManager: Shutting down and abandoning module AndroidPlatformEditor (174)
[2016.02.24-05.30.04:416][ 91]LogModuleManager: Shutting down and abandoning module IOSRuntimeSettings (173)
[2016.02.24-05.30.04:416][ 91]LogModuleManager: Shutting down and abandoning module AndroidRuntimeSettings (172)
[2016.02.24-05.30.04:416][ 91]LogModuleManager: Shutting down and abandoning module MergeActors (171)
[2016.02.24-05.30.04:416][ 91]LogModuleManager: Shutting down and abandoning module SizeMap (170)
[2016.02.24-05.30.04:416][ 91]LogModuleManager: Shutting down and abandoning module TreeMap (169)
[2016.02.24-05.30.04:416][ 91]LogModuleManager: Shutting down and abandoning module ReferenceViewer (168)
[2016.02.24-05.30.04:416][ 91]LogModuleManager: Shutting down and abandoning module LocalizationService (167)
[2016.02.24-05.30.04:416][ 91]LogModuleManager: Shutting down and abandoning module LocalizationDashboard (166)
[2016.02.24-05.30.04:416][ 91]LogModuleManager: Shutting down and abandoning module HardwareTargeting (165)
[2016.02.24-05.30.04:416][ 91]LogModuleManager: Shutting down and abandoning module DeviceProfileEditor (164)
[2016.02.24-05.30.04:416][ 91]LogModuleManager: Shutting down and abandoning module UndoHistory (163)
[2016.02.24-05.30.04:416][ 91]LogModuleManager: Shutting down and abandoning module GameplayTagsEditor (162)
[2016.02.24-05.30.04:416][ 91]LogModuleManager: Shutting down and abandoning module UserFeedback (161)
[2016.02.24-05.30.04:416][ 91]LogModuleManager: Shutting down and abandoning module XmlParser (160)
[2016.02.24-05.30.04:416][ 91]LogModuleManager: Shutting down and abandoning module Blutility (159)
[2016.02.24-05.30.04:416][ 91]LogModuleManager: Shutting down and abandoning module ProjectTargetPlatformEditor (158)
[2016.02.24-05.30.04:417][ 91]LogModuleManager: Shutting down and abandoning module ProjectSettingsViewer (157)
[2016.02.24-05.30.04:417][ 91]LogModuleManager: Shutting down and abandoning module InputBindingEditor (156)
[2016.02.24-05.30.04:417][ 91]LogModuleManager: Shutting down and abandoning module EditorSettingsViewer (155)
[2016.02.24-05.30.04:417][ 91]LogModuleManager: Shutting down and abandoning module SettingsEditor (154)
[2016.02.24-05.30.04:417][ 91]LogModuleManager: Shutting down and abandoning module ProjectLauncher (153)
[2016.02.24-05.30.04:417][ 91]LogModuleManager: Shutting down and abandoning module SessionFrontend (152)
[2016.02.24-05.30.04:417][ 91]LogModuleManager: Shutting down and abandoning module ProfilerClient (151)
[2016.02.24-05.30.04:417][ 91]LogModuleManager: Shutting down and abandoning module TargetDeviceServices (150)
[2016.02.24-05.30.04:417][ 91]LogModuleManager: Shutting down and abandoning module DeviceManager (149)
[2016.02.24-05.30.04:417][ 91]LogModuleManager: Shutting down and abandoning module AutomationController (148)
[2016.02.24-05.30.04:417][ 91]LogModuleManager: Shutting down and abandoning module AutomationWindow (147)
[2016.02.24-05.30.04:417][ 91]LogModuleManager: Shutting down and abandoning module Layers (146)
[2016.02.24-05.30.04:417][ 91]LogModuleManager: Shutting down and abandoning module ComponentVisualizers (145)
[2016.02.24-05.30.04:418][ 91]LogModuleManager: Shutting down and abandoning module DetailCustomizations (144)
[2016.02.24-05.30.04:418][ 91]LogModuleManager: Shutting down and abandoning module PackagesDialog (143)
[2016.02.24-05.30.04:418][ 91]LogModuleManager: Shutting down and abandoning module Persona (142)
[2016.02.24-05.30.04:418][ 91]LogModuleManager: Shutting down and abandoning module Kismet (141)
[2016.02.24-05.30.04:418][ 91]LogModuleManager: Shutting down and abandoning module GraphEditor (140)
[2016.02.24-05.30.04:418][ 91]LogModuleManager: Shutting down and abandoning module ClassViewer (139)
[2016.02.24-05.30.04:418][ 91]LogModuleManager: Shutting down and abandoning module Toolbox (138)
[2016.02.24-05.30.04:418][ 91]LogModuleManager: Shutting down and abandoning module ModuleUI (137)
[2016.02.24-05.30.04:418][ 91]LogModuleManager: Shutting down and abandoning module MovieSceneTools (136)
[2016.02.24-05.30.04:418][ 91]LogModuleManager: Shutting down and abandoning module OutputLog (135)
[2016.02.24-05.30.04:418][ 91]LogModuleManager: Shutting down and abandoning module GammaUI (134)
[2016.02.24-05.30.04:419][ 91]LogModuleManager: Shutting down and abandoning module Documentation (133)
[2016.02.24-05.30.04:419][ 91]LogModuleManager: Shutting down and abandoning module GameLiveStreaming (132)
[2016.02.24-05.30.04:419][ 91]LogModuleManager: Shutting down and abandoning module StreamingPauseRendering (131)
[2016.02.24-05.30.04:419][ 91]LogModuleManager: Shutting down and abandoning module AnalyticsET (130)
[2016.02.24-05.30.04:419][ 91]LogModuleManager: Shutting down and abandoning module Analytics (129)
[2016.02.24-05.30.04:419][ 91]LogModuleManager: Shutting down and abandoning module AITestSuite (128)
[2016.02.24-05.30.04:419][ 91]LogModuleManager: Shutting down and abandoning module GameplayDebugger (127)
[2016.02.24-05.30.04:419][ 91]LogModuleManager: Shutting down and abandoning module AIModule (126)
[2016.02.24-05.30.04:419][ 91]LogModuleManager: Shutting down and abandoning module ProfilerService (125)
[2016.02.24-05.30.04:532][ 91]LogModuleManager: Shutting down and abandoning module TaskGraph (124)
[2016.02.24-05.30.04:533][ 91]LogModuleManager: Shutting down and abandoning module SpriteStudio5Ed (123)
[2016.02.24-05.30.04:533][ 91]LogModuleManager: Shutting down and abandoning module SlateRemote (122)
[2016.02.24-05.30.04:533][ 91]LogModuleManager: Shutting down and abandoning module SteamVRController (121)
[2016.02.24-05.30.04:533][ 91]LogModuleManager: Shutting down and abandoning module SteamVR (120)
[2016.02.24-05.30.04:533][ 91]LogModuleManager: Shutting down and abandoning module ProceduralMeshComponent (119)
[2016.02.24-05.30.04:533][ 91]LogModuleManager: Shutting down and abandoning module OculusLibrary (118)
[2016.02.24-05.30.04:533][ 91]LogModuleManager: Shutting down and abandoning module OculusInput (117)
[2016.02.24-05.30.04:533][ 91]LogModuleManager: Shutting down and abandoning module LeapMotionController (116)
[2016.02.24-05.30.04:575][ 91]LogModuleManager: Shutting down and abandoning module CustomMeshComponent (115)
[2016.02.24-05.30.04:575][ 91]LogModuleManager: Shutting down and abandoning module CableComponent (114)
[2016.02.24-05.30.04:575][ 91]LogModuleManager: Shutting down and abandoning module ArchVisCharacter (113)
[2016.02.24-05.30.04:575][ 91]LogModuleManager: Shutting down and abandoning module MessagingDebugger (112)
[2016.02.24-05.30.04:575][ 91]LogModuleManager: Shutting down and abandoning module MediaPlayerEditor (111)
[2016.02.24-05.30.04:576][ 91]LogModuleManager: Shutting down and abandoning module HTML5Networking (110)
[2016.02.24-05.30.04:576][ 91]LogModuleManager: Shutting down and abandoning module SpeedTreeImporter (109)
[2016.02.24-05.30.04:576][ 91]LogModuleManager: Shutting down and abandoning module PluginBrowser (108)
[2016.02.24-05.30.04:576][ 91]LogModuleManager: Shutting down and abandoning module EpicSurvey (107)
[2016.02.24-05.30.04:576][ 91]LogModuleManager: Shutting down and abandoning module DesktopPlatform (106)
[2016.02.24-05.30.04:576][ 91]LogModuleManager: Shutting down and abandoning module VisualStudioSourceCodeAccess (105)
[2016.02.24-05.30.04:576][ 91]LogModuleManager: Shutting down and abandoning module UObjectPlugin (104)
[2016.02.24-05.30.04:576][ 91]LogModuleManager: Shutting down and abandoning module SubversionSourceControl (103)
[2016.02.24-05.30.04:576][ 91]LogModuleManager: Shutting down and abandoning module PerforceSourceControl (102)
[2016.02.24-05.30.04:576][ 91]LogModuleManager: Shutting down and abandoning module SourceControl (101)
[2016.02.24-05.30.04:576][ 91]LogModuleManager: Shutting down and abandoning module GitSourceControl (100)
[2016.02.24-05.30.04:577][ 91]LogModuleManager: Shutting down and abandoning module LightPropagationVolumeEditor (99)
[2016.02.24-05.30.04:577][ 91]LogModuleManager: Shutting down and abandoning module PaperTiledImporter (98)
[2016.02.24-05.30.04:577][ 91]LogModuleManager: Shutting down and abandoning module PaperSpriteSheetImporter (97)
[2016.02.24-05.30.04:577][ 91]LogModuleManager: Shutting down and abandoning module MeshPaint (96)
[2016.02.24-05.30.04:577][ 91]LogModuleManager: Shutting down and abandoning module SlateReflector (95)
[2016.02.24-05.30.04:577][ 91]LogModuleManager: Shutting down and abandoning module HotReload (94)
[2016.02.24-05.30.04:577][ 91]LogModuleManager: Shutting down and abandoning module MainFrame (93)
[2016.02.24-05.30.04:577][ 91]LogModuleManager: Shutting down and abandoning module LevelEditor (92)
[2016.02.24-05.30.04:581][ 91]LogModuleManager: Shutting down and abandoning module DirectoryWatcher (91)
[2016.02.24-05.30.04:584][ 91]LogModuleManager: Shutting down and abandoning module AssetRegistry (90)
[2016.02.24-05.30.04:822][ 91]LogModuleManager: Shutting down and abandoning module ContentBrowser (89)
[2016.02.24-05.30.04:823][ 91]LogModuleManager: Shutting down and abandoning module Paper2DEditor (88)
[2016.02.24-05.30.04:823][ 91]LogModuleManager: Shutting down and abandoning module UdpMessaging (87)
[2016.02.24-05.30.04:924][ 91]LogModuleManager: Shutting down and abandoning module LightPropagationVolumeRuntime (86)
[2016.02.24-05.30.04:924][ 91]LogModuleManager: Shutting down and abandoning module Paper2D (85)
[2016.02.24-05.30.04:924][ 91]LogModuleManager: Shutting down and abandoning module WindowsMoviePlayer (84)
[2016.02.24-05.30.04:927][ 91]LogModuleManager: Shutting down and abandoning module Media (83)
[2016.02.24-05.30.04:927][ 91]LogModuleManager: Shutting down and abandoning module WmfMedia (82)
[2016.02.24-05.30.04:928][ 91]LogModuleManager: Shutting down and abandoning module OnlineBlueprintSupport (81)
[2016.02.24-05.30.04:929][ 91]LogModuleManager: Shutting down and abandoning module GameplayTasksEditor (80)
[2016.02.24-05.30.04:929][ 91]LogModuleManager: Shutting down and abandoning module PropertyEditor (79)
[2016.02.24-05.30.04:929][ 91]LogModuleManager: Shutting down and abandoning module BehaviorTreeEditor (78)
[2016.02.24-05.30.04:929][ 91]LogModuleManager: Shutting down and abandoning module FunctionalTesting (77)
[2016.02.24-05.30.04:929][ 91]LogModuleManager: Shutting down and abandoning module CollisionAnalyzer (76)
[2016.02.24-05.30.04:929][ 91]LogModuleManager: Shutting down and abandoning module WorkspaceMenuStructure (75)
[2016.02.24-05.30.04:929][ 91]LogModuleManager: Shutting down and abandoning module MessageLog (74)
[2016.02.24-05.30.04:929][ 91]LogModuleManager: Shutting down and abandoning module Sequencer (73)
[2016.02.24-05.30.04:929][ 91]LogModuleManager: Shutting down and abandoning module AssetTools (72)
[2016.02.24-05.30.04:929][ 91]LogModuleManager: Shutting down and abandoning module UMGEditor (71)
[2016.02.24-05.30.04:929][ 91]LogModuleManager: Shutting down and abandoning module UMG (70)
[2016.02.24-05.30.04:929][ 91]LogModuleManager: Shutting down and abandoning module Slate (69)
[2016.02.24-05.30.04:929][ 91]LogModuleManager: Shutting down and abandoning module EditorStyle (68)
[2016.02.24-05.30.04:931][ 91]LogModuleManager: Shutting down and abandoning module SessionServices (67)
[2016.02.24-05.30.04:931][ 91]LogModuleManager: Shutting down and abandoning module SourceCodeAccess (66)
[2016.02.24-05.30.04:932][ 91]LogModuleManager: Shutting down and abandoning module HeadMountedDisplay (65)
[2016.02.24-05.30.04:932][ 91]LogModuleManager: Shutting down and abandoning module XAudio2 (64)
[2016.02.24-05.30.04:932][ 91]LogModuleManager: Shutting down and abandoning module Networking (62)
[2016.02.24-05.30.04:932][ 91]LogModuleManager: Shutting down and abandoning module Core (61)
[2016.02.24-05.30.04:932][ 91]LogModuleManager: Shutting down and abandoning module KismetCompiler (60)
[2016.02.24-05.30.04:932][ 91]LogModuleManager: Shutting down and abandoning module PhysXFormats (59)
[2016.02.24-05.30.04:932][ 91]LogModuleManager: Shutting down and abandoning module MeshUtilities (58)
[2016.02.24-05.30.04:932][ 91]LogModuleManager: Shutting down and abandoning module DerivedDataCache (57)
[2016.02.24-05.30.04:959][ 91]LogDerivedDataCache: Shutdown
[2016.02.24-05.30.04:959][ 91]LogModuleManager: Shutting down and abandoning module ShaderFormatOpenGL (56)
[2016.02.24-05.30.04:959][ 91]LogModuleManager: Shutting down and abandoning module ShaderFormatD3D (55)
[2016.02.24-05.30.04:959][ 91]LogModuleManager: Shutting down and abandoning module MetalShaderFormat (54)
[2016.02.24-05.30.04:959][ 91]LogModuleManager: Shutting down and abandoning module TextureFormatUncompressed (53)
[2016.02.24-05.30.04:959][ 91]LogModuleManager: Shutting down and abandoning module TextureFormatPVR (52)
[2016.02.24-05.30.04:959][ 91]LogModuleManager: Shutting down and abandoning module TextureFormatIntelISPCTexComp (51)
[2016.02.24-05.30.04:959][ 91]LogModuleManager: Shutting down and abandoning module TextureFormatDXT (50)
[2016.02.24-05.30.04:959][ 91]LogModuleManager: Shutting down and abandoning module ImageWrapper (49)
[2016.02.24-05.30.04:959][ 91]LogModuleManager: Shutting down and abandoning module TextureFormatASTC (48)
[2016.02.24-05.30.04:959][ 91]LogModuleManager: Shutting down and abandoning module TextureFormatAndroid (47)
[2016.02.24-05.30.04:959][ 91]LogModuleManager: Shutting down and abandoning module AudioFormatOpus (46)
[2016.02.24-05.30.04:959][ 91]LogModuleManager: Shutting down and abandoning module AudioFormatOgg (45)
[2016.02.24-05.30.04:959][ 91]LogModuleManager: Shutting down and abandoning module AudioFormatADPCM (44)
[2016.02.24-05.30.04:959][ 91]LogModuleManager: Shutting down and abandoning module LinuxTargetPlatform (43)
[2016.02.24-05.30.04:959][ 91]LogModuleManager: Shutting down and abandoning module LinuxServerTargetPlatform (42)
[2016.02.24-05.30.04:959][ 91]LogModuleManager: Shutting down and abandoning module LinuxNoEditorTargetPlatform (41)
[2016.02.24-05.30.04:959][ 91]LogModuleManager: Shutting down and abandoning module Messaging (40)
[2016.02.24-05.30.04:959][ 91]LogModuleManager: Shutting down and abandoning module IOSTargetPlatform (39)
[2016.02.24-05.30.04:959][ 91]LogModuleManager: Shutting down and abandoning module HTML5TargetPlatform (38)
[2016.02.24-05.30.04:959][ 91]LogModuleManager: Shutting down and abandoning module Android_PVRTCTargetPlatform (37)
[2016.02.24-05.30.04:959][ 91]LogModuleManager: Shutting down and abandoning module Android_MultiTargetPlatform (36)
[2016.02.24-05.30.04:960][ 91]LogModuleManager: Shutting down and abandoning module Android_ETC2TargetPlatform (35)
[2016.02.24-05.30.04:960][ 91]LogModuleManager: Shutting down and abandoning module Android_ETC1TargetPlatform (34)
[2016.02.24-05.30.04:960][ 91]LogModuleManager: Shutting down and abandoning module Android_DXTTargetPlatform (33)
[2016.02.24-05.30.04:960][ 91]LogModuleManager: Shutting down and abandoning module Android_ATCTargetPlatform (32)
[2016.02.24-05.30.04:960][ 91]LogModuleManager: Shutting down and abandoning module Android_ASTCTargetPlatform (31)
[2016.02.24-05.30.04:960][ 91]LogModuleManager: Shutting down and abandoning module AndroidTargetPlatform (30)
[2016.02.24-05.30.04:960][ 91]LogModuleManager: Shutting down and abandoning module WindowsTargetPlatform (29)
[2016.02.24-05.30.04:960][ 91]LogModuleManager: Shutting down and abandoning module WindowsServerTargetPlatform (28)
[2016.02.24-05.30.04:960][ 91]LogModuleManager: Shutting down and abandoning module WindowsNoEditorTargetPlatform (27)
[2016.02.24-05.30.04:960][ 91]LogModuleManager: Shutting down and abandoning module WindowsClientTargetPlatform (26)
[2016.02.24-05.30.04:960][ 91]LogModuleManager: Shutting down and abandoning module AllDesktopTargetPlatform (25)
[2016.02.24-05.30.04:960][ 91]LogModuleManager: Shutting down and abandoning module TargetPlatform (24)
[2016.02.24-05.30.04:960][ 91]LogModuleManager: Shutting down and abandoning module InputCore (23)
[2016.02.24-05.30.04:960][ 91]LogModuleManager: Shutting down and abandoning module Settings (22)
[2016.02.24-05.30.04:960][ 91]LogModuleManager: Shutting down and abandoning module OnlineSubsystem (20)
[2016.02.24-05.30.04:960][ 91]LogModuleManager: Shutting down and abandoning module HTTP (19)
[2016.02.24-05.30.06:964][ 91]LogModuleManager: Shutting down and abandoning module XMPP (18)
[2016.02.24-05.30.06:964][ 91]LogModuleManager: Shutting down and abandoning module SpriteStudio5 (17)
[2016.02.24-05.30.06:964][ 91]LogModuleManager: Shutting down and abandoning module OculusRift (16)
[2016.02.24-05.30.06:964][ 91]LogModuleManager: Shutting down and abandoning module ExampleDeviceProfileSelector (15)
[2016.02.24-05.30.06:964][ 91]LogModuleManager: Shutting down and abandoning module TextureCompressor (14)
[2016.02.24-05.30.06:964][ 91]LogModuleManager: Shutting down and abandoning module ShaderCore (13)
[2016.02.24-05.30.06:964][ 91]LogModuleManager: Shutting down and abandoning module Landscape (12)
[2016.02.24-05.30.06:964][ 91]LogModuleManager: Shutting down and abandoning module SlateRHIRenderer (11)
[2016.02.24-05.30.06:968][ 91]LogModuleManager: Shutting down and abandoning module OpenGLDrv (10)
[2016.02.24-05.30.06:968][ 91]LogModuleManager: Shutting down and abandoning module D3D11RHI (9)
[2016.02.24-05.30.06:968][ 91]LogModuleManager: Shutting down and abandoning module AnimGraphRuntime (8)
[2016.02.24-05.30.06:968][ 91]LogModuleManager: Shutting down and abandoning module Renderer (7)
[2016.02.24-05.30.06:968][ 91]LogModuleManager: Shutting down and abandoning module Engine (6)
[2016.02.24-05.30.06:968][ 91]LogModuleManager: Shutting down and abandoning module CoreUObject (5)
[2016.02.24-05.30.06:968][ 91]LogModuleManager: Shutting down and abandoning module NetworkFile (4)
[2016.02.24-05.30.06:968][ 91]LogModuleManager: Shutting down and abandoning module StreamingFile (3)
[2016.02.24-05.30.06:968][ 91]LogModuleManager: Shutting down and abandoning module SandboxFile (2)
[2016.02.24-05.30.06:968][ 91]LogModuleManager: Shutting down and abandoning module PakFile (1)
[2016.02.24-05.30.06:969][ 91]LogExit: Exiting.
[2016.02.24-05.30.06:986][ 91]Log file closed, 02/24/16 14:30:06
